\BOOKMARK [1][-]{section.1}{Introduction}{}% 1
\BOOKMARK [1][-]{section.2}{Features\040or\040Data}{}% 2
\BOOKMARK [1][-]{section.3}{Methodologies\040and\040Motivations}{}% 3
\BOOKMARK [2][-]{subsection.3.1}{TD\040Learning\040method}{section.3}% 4
\BOOKMARK [3][-]{subsubsection.3.1.1}{Overview\040and\040Motivations}{subsection.3.1}% 5
\BOOKMARK [3][-]{subsubsection.3.1.2}{Discretization}{subsection.3.1}% 6
\BOOKMARK [3][-]{subsubsection.3.1.3}{Initialization}{subsection.3.1}% 7
\BOOKMARK [3][-]{subsubsection.3.1.4}{Transition\040and\040reward\040function}{subsection.3.1}% 8
\BOOKMARK [2][-]{subsection.3.2}{Model\040Based\040Method}{section.3}% 9
\BOOKMARK [3][-]{subsubsection.3.2.1}{Motivations}{subsection.3.2}% 10
\BOOKMARK [3][-]{subsubsection.3.2.2}{Rules}{subsection.3.2}% 11
\BOOKMARK [3][-]{subsubsection.3.2.3}{Note}{subsection.3.2}% 12
\BOOKMARK [2][-]{subsection.3.3}{Q\040Learning\040Method}{section.3}% 13
\BOOKMARK [3][-]{subsubsection.3.3.1}{Motivations}{subsection.3.3}% 14
\BOOKMARK [3][-]{subsubsection.3.3.2}{Overview}{subsection.3.3}% 15
\BOOKMARK [3][-]{subsubsection.3.3.3}{Implementation}{subsection.3.3}% 16
\BOOKMARK [1][-]{section.4}{Implementation\040and\040Running\040Guide}{}% 17
\BOOKMARK [2][-]{subsection.4.1}{TD\040Learning\040Method\040Running\040Guide}{section.4}% 18
\BOOKMARK [2][-]{subsection.4.2}{Model\040Based\040Method\040Running\040Guide}{section.4}% 19
\BOOKMARK [2][-]{subsection.4.3}{Q\040leaning\040Running\040Guide}{section.4}% 20
\BOOKMARK [1][-]{section.5}{Results}{}% 21
\BOOKMARK [2][-]{subsection.5.1}{TD\040Learning\040Method}{section.5}% 22
\BOOKMARK [2][-]{subsection.5.2}{Model\040Based\040Method}{section.5}% 23
\BOOKMARK [2][-]{subsection.5.3}{Q\040Learning\040Method}{section.5}% 24
\BOOKMARK [1][-]{section.6}{Conclusion}{}% 25
